27217
27217
454393
27217
446169
303817
454393
674881
454393
454393
839081
839081
9
180795
674881
898505
17
21
15
102962
658769
9
82993
453977
180795
898505
785221
172817
60062
311109
20
180795
362220
9
384009
665393
547441
71930
153609
839081
384009
30
82993
674881
16
82993
180795
46
898505
629321
362220
32
362220
795991
29
10
783227
789441
795991
13
571257
898505
977329
28
674881
12
25
60062
898505
723073
338017
445564
987057
784638
102962
58121
9
784638
462941
353209
6
3711
153609
202703
292257
783227
770643
546105
996284
784638
34
40
31
202703
21
549706
789441
9
273567
904015
629321
279961
904015
201105
864785
68
895309
3
718709
629321
273567
620273
789441
359529
766017
19
901263
209841
864785
304199
122305
16
549706
292257
292257
706640
353209
629321
213767
233057
965816
805345
550935
286417
665393
757809
202703
1
62
251521
189955
18033
147809
85
431881
504275
549706
994073
45
314837
319253
125
550935
607089
52
445905
825008
91
18489
570113
79
391297
335461
138
44993
28
286417
39425
453977
749889
779137
286417
784638
913373
904015
689809
259649
133
972105
129
384009
422901
524669
375721
73
233057
608769
147809
620273
789017
292257
159
561193
79
570113
18993
168703
224991
36
805345
384009
723073
321025
453977
72
335461
176175
965816
131
462941
91
744968
9109
184977
335461
158745
913373
39
966777
304199
272929
375721
189
477193
577003
132
224817
384630
941681
392735
102041
362220
343661
72773
422901
20289
450745
392005
738639
112
300133
73
14
147809
73825
14
491937
300133
690153
4
28
212007
897265
74
273567
52
259649
168001
136
974037
987057
495121
154
524669
878197
462941
343661
191
153609
22529
58
228
849637
993979
482433
773605
743745
637902
319253
143132
893185
147809
168001
635406
961315
81
3711
504275
49
233
399376
766017
41
744968
343661
144
864447
285377
196
500461
686573
668913
270
706640
913373
658769
571649
73825
22529
789017
178555
153609
571649
809577
861985
81473
491937
635956
384009
82993
444570
272929
123
9109
529241
273
722465
205
375713
267
457742
849637
925697
153609
280
813309
431881
268
283
524669
62
839081
71
82
573296
834705
327421
185277
29
537217
915809
706640
665321
172179
224817
71
206
768091
577003
339857
425857
469175
834705
96044
370540
321025
74
432350
339857
292257
977199
129
635406
64
355425
724673
202915
18993
399376
3711
839081
342182
735785
277477
924619
86405
849637
26999
783105
253
868582
117
643484
749889
168001
665393
20
859141
33
520081
67969
817921
225
96044
274
931473
359529
576801
818945
743745
806217
194
370540
32
3711
327421
72793
849637
262
300133
556793
443841
26999
108993
224991
834705
272929
10
457742
358
836707
836545
495121
610113
539039
615681
718106
250251
168273
933969
117
954225
370540
306
882977
160445
210
60111
443841
775520
707009
201105
431881
183405
3711
596857
122
635406
286417
737602
34
507803
180682
300133
46825
689809
209841
635406
118113
785591
31
35341
9109
315529
18489
360985
291
451009
718709
707009
574785
392
781734
537217
102
435
453977
546105
12801
422901
895593
313
133
42
183691
900147
764221
431131
621457
570113
96
728837
343317
182
834705
357
165
392735
233057
438952
635406
943745
18993
753505
186313
35
256
603553
82993
282945
504865
906102
324
304
259
757321
128
323
179561
72773
722263
836817
849637
75
357
427815
749889
587994
987057
959257
859141
749889
325893
438
328
179561
173
339857
324
484
829633
475
357998
382
88321
168273
467
515317
18993
295
259
550935
576801
740929
75649
443841
481445
488449
495121
50689
866549
422901
943745
83234
250251
709453
300133
245605
800983
425857
906102
48
393
380
900147
479153
186313
961315
586721
21409
941681
494
282945
395409
196857
343661
570113
735785
859141
168273
135
756045
325893
179561
261
483
8693
481
314837
127
318305
954845
247290
335461
474
451009
469175
991725
519715
464631
231
357998
321025
110
152221
806453
994073
789017
351200
565134
48
899873
184630
321025
418
327
550935
584577
202
949945
362220
400
180682
141
427
839081
845145
462941
81905
451009
280505
931473
556753
295
828529
761481
262377
28833
238977
86405
55
379671
66
362220
157346
602967
988697
250251
42
576
668913
48892
282945
901913
824705
621457
422721
203916
119
927289
203
180682
527
507803
420637
126
398
866549
865913
26999
556753
709453
420637
167
603
783495
794273
722263
665321
723073
509130
148
898505
494
7
474865
711073
375721
758285
507803
232733
615
125
281
341049
246465
140801
427815
915809
753505
209841
460
516
287
450745
203916
665321
674113
786959
706640
577003
227
565134
764221
490555
837437
903798
274251
871809
490555
469175
408861
658
599085
420637
6933
51265
173667
184630
774405
496
575131
377
695
229713
345119
248
461
51265
749889
843649
238977
481050
91575
72181
955763
6
259649
282945
443841
586
471237
863233
168703
735785
286417
684641
824705
546105
44353
812857
343661
698483
567
543749
114401
806453
53
949945
568
118
714111
444570
548
595769
725231
531141
366037
172179
810331
594705
552541
743
573633
745617
176175
800983
745
121575
148431
163369
431131
114401
773605
818177
99079
863233
380286
466497
443203
123864
520489
635
829633
558281
195
14081
286417
775
829633
757
262377
961931
384630
887821
307309
531
83385
166145
247290
681
781
812857
118113
186313
542669
663
118535
446737
445
700227
255
796
84
196857
174919
555209
450745
722263
175035
509591
372
135
280505
321033
631291
737265
954845
78499
602
710
552541
737541
775520
288
280505
313157
56865
68097
272929
123864
627
332379
268
230417
636
444570
392
655
509591
781734
49198
269937
552065
138369
517117
72793
94
599165
935451
641870
658769
188153
247290
289
229441
184
219
25
231
645573
13
189
817
148657
464631
785197
531783
811387
669
641870
810331
625
965816
315855
692865
788097
448101
736
443841
711073
624
278257
74828
71733
190009
304001
863233
270
621
913373
448073
171649
332379
801
773605
425799
784
148199
737173
930825
610113
949
129319
949945
901913
656
535249
804
531783
67969
470
341217
149
575131
861719
465833
163105
429
35
461
342
436580
748
82705
14081
278257
90389
737541
359931
280505
518555
425799
701
242231
643441
920417
328203
470
732993
126689
96641
267
109791
638121
163369
196673
745953
685991
56
949480
379671
861719
245605
845145
248551
508
818
895309
88591
476659
384630
170
567543
519715
67969
143663
703
619
870467
967535
901
537217
592751
990641
579332
205
366037
217
909619
497
659
157346
1021
836581
423621
122873
909619
51265
610
781181
414603
974739
785197
110
374417
846105
800273
439041
1032
215113
188100
700227
907723
1012
434
999
352417
422721
906056
841421
880
224991
304241
443841
706126
920
269
48641
828529
865729
716249
948650
421
635697
333521
303560
533521
641870
76611
362220
565007
533697
574
756417
166145
645573
60111
399376
250251
903
689281
200033
860
142349
44353
417
745953
849637
474695
49198
627
124
709483
268018
964961
332379
756
408
135485
110391
762
762497
768
749441
631637
1008
393
714111
954225
567
392677
359251
658
698
794273
872
631291
490141
635697
568505
633
270
122049
347455
514721
888
718709
416
123864
517855
1007
226853
206017
340
120
698232
200689
282814
894529
896809
372841
882
287281
374417
422337
585641
388
516871
65473
322
44993
645573
479369
535593
266913
776
740929
286417
580377
489009
123837
720
70
450745
841421
861
1043
200689
935451
988
822102
194
345119
392961
511121
865913
983169
754
687
614785
1181
13
307309
538
318837
357
617593
927961
1080
329665
504873
101901
51
421298
963
443203
794
285305
555209
96
542669
176175
60
360
56865
148657
396
56865
653473
129319
980081
408257
658769
138
380286
821039
749
500443
935451
836817
474695
216687
613596
813937
230417
391297
476659
666125
878197
9
20
928
824465
295425
400327
898505
479369
311
722263
183217
387921
437533
638121
529323
751
341
556793
887821
979
330093
734937
860
430
411721
167409
878371
949
987105
411285
79297
188153
260
248
116
882977
841
664
886
1180
984
634053
481050
1122
502377
613099
286417
751
134013
797777
186
743745
893185
143387
392677
114401
586637
34450
148
76833
718
332
758285
1000
470737
469175
152823
196857
103734
800273
599393
286417
23209
109
482497
541575
610954
819361
1059
667133
732641
149252
1112
652817
244545
322526
229832
700227
804
667
506313
48641
784638
533697
672997
397651
258249
343
327645
535249
742624
184277
152823
351275
977221
62201
162353
501
974739
271
571941
442333
14
602073
606547
887725
230077
960929
529323
279
768091
359931
812857
247844
437533
933270
300673
40300
761481
460029
935451
484003
1092
341217
690153
384699
249241
380286
437533
529323
872885
268018
1337
161831
89192
45673
846607
470737
579332
817914
628977
168703
593
425799
918654
732993
564041
128
185653
638121
70143
609332
59
396
707089
442333
924619
981
454
745169
460609
652817
438617
398947
613099
53343
9109
106435
392961
826433
990641
927773
984901
971225
383687
555209
922481
629325
925697
109203
133359
686
463
150
430
342
97
36920
151025
315855
535249
714493
698483
500261
378873
876577
248689
320517
1384
85029
340
453201
729569
73281
314633
83385
216687
57876
600449
43454
958745
873325
31205
815
576717
540
290945
237713
555209
634053
262
569081
1251
872
900785
590337
391297
725231
216687
893885
277847
1242
422
109165
517412
571038
307699
602073
409
586637
249241
399376
620537
179673
343661
990641
614785
1199
397651
530065
770872
321033
238977
647105
140497
574
619729
978305
376
609
741
911
179561
500443
936
955763
599329
942
698232
24433
839081
686573
602967
1348
976
546
853569
961121
525357
1032
936513
702841
907873
980696
230167
548121
784638
346279
586721
339857
421298
1504
498
280505
137045
788097
298604
793834
1373
685991
812
215257
433241
254
625939
98037
872089
220449
405713
56166
380286
528
642369
718709
104
160445
272485
666
555209
113789
1087
224993
504873
788097
800993
365025
22
1084
333
111081
737581
977874
425799
956025
308
861921
187302
855149
418170
609
1444
846105
220449
785197
1441
854737
570003
458
1574
153815
702841
491937
626161
21357
734937
403580
609713
200033
185041
75809
32
97729
933270
824705
519715
304
294563
185067
425153
43454
510201
95527
183
300273
205729
531783
458080
952377
404261
610954
725
724673
17687
335925
1619
861633
933270
900785
954
699697
840017
116033
968583
237457
745617
1059
861921
72
291
36657
292
590337
825
1013
657003
105353
728837
280505
184417
612813
113789
262377
1465
78499
645189
8693
533697
67969
788097
431131
62201
172429
451793
255041
840017
960929
526993
335
174919
81985
344673
200033
552541
874009
342225
1357
722961
530345
490
464
1393
49198
622849
497033
1320
728837
295761
1398
94265
102
580377
929801
450745
591405
935081
838
455519
347649
613
873325
618553
12769
304
603553
509897
154925
290945
631619
106435
994775
913659
555209
751297
865
547
695
461069
383687
387
1439
880705
809230
565885
411721
999617
623130
595769
1579
110391
42887
353553
1232
869485
969
812857
146321
886181
1561
789017
825921
194209
434887
1312
207906
436
542462
1219
267960
840017
675
724673
310195
298604
800273
174919
938625
870669
913659
559121
476
101
895751
573921
1100
157346
923437
910
1127
671
897265
34450
384699
762
516871
138369
31
712289
948357
460
193403
872089
185653
24
906215
983169
361
404
38089
403191
475
384699
557229
895593
544049
990641
911197
134939
766
484819
1237
940073
556785
320009
128455
248273
578
1609
643735
340953
36889
89192
79
543749
805169
188
839081
157346
1824
537217
1548
523842
1236
596
852737
464313
188153
628977
1540
171649
579332
852737
184277
504873
388085
428
1620
695357
1684
810331
451009
842753
915809
563881
11937
854
455153
1081
83234
615227
518555
871809
106819
1309
565885
1172
54977
1066
864447
548121
571941
1515
419867
345633
795196
1033
985537
148657
128455
302
859141
366037
972385
284225
500261
138369
435
770643
875541
1034
147809
131485
556753
119493
1213
418170
850473
511121
767145
173745
166145
479781
573921
538861
649002
907
295301
671
448561
808911
163105
112
324929
359541
483404
139585
1316
647105
693
656
477
230829
1183
167409
729
570113
766017
159
1561
906102
474865
626161
859041
525
839809
888
861921
196
562225
893185
1326
970540
1609
143942
817
268018
589145
837437
484003
140801
678193
1492
872089
175035
763521
406
63909
907723
1715
321507
1580
961121
949671
983157
657435
557027
58881
829953
150265
451
548045
128737
679101
200033
817313
44993
556785
757849
1297
89192
878197
52
819361
495001
903041
225185
883145
724
829633
441
154925
521841
515762
796265
255
293
672
255041
1400
250251
25937
147305
407
557993
1384
732805
15681
520489
595769
471237
898505
1663
305677
1537
185067
438617
1447
723393
161897
642821
861633
913373
817433
841421
683583
921655
966777
1674
903798
686263
753
1282
468653
701097
830529
513633
82993
438653
327929
800273
666125
846
689281
1224
338525
642821
434887
595
916385
842753
1290
905153
978047
306
1537
688897
862397
181
907154
1855
751617
1746
610517
710445
687
968
245605
834771
391297
1820
1519
27875
413737
306
358
1467
272485
1957
829585
157346
570003
838619
998585
929
929801
181883
239
793657
311
590717
324231
126689
824871
76611
551809
704
773605
839965
195821
288769
895665
183691
1479
775520
143942
349887
220449
971225
806037
989565
517777
346619
1
482
571777
70143
237
318837
575587
773605
357995
360330
566081
567961
694145
77227
496545
630649
906215
165693
506313
270
1843
265945
836861
470205
365025
534370
822569
138753
185569
1332
500261
129827
1107
123864
617666
58881
230465
2098
564
649329
385
924619
575131
717453
329665
184417
1681
297161
817137
431364
980696
423621
179969
933316
993621
651693
511085
498
728113
488841
382257
815
608441
592001
927057
104863
9985
151025
242822
763521
1749
985537
241
138369
193403
293665
140497
374417
738335
916385
221089
1393
595769
553313
28
698
1299
106767
384009
906215
572633
920
923
837
96641
203801
562021
343317
1350
190009
610517
22715
517777
778483
349371
5825
619
931473
383687
461241
2028
900785
591985
1096
622433
282814
238481
989537
756417
594705
629
623564
485
339
157697
980081
869657
299035
973737
565
619729
292257
312696
130000
1417
825921
487297
391297
152823
1837
275
872587
377959
203
220840
1600
65473
1394
177141
513733
260481
459905
891531
738
807713
149545
362
391297
1224
297161
661529
860010
730359
531089
460461
674113
256762
835539
537217
704849
863553
113789
204505
746309
200329
402523
1045
464631
251553
206295
244987
344673
633021
399089
1191
192433
514721
781569
1802
944673
1090
1940
916385
450
286417
466497
229441
915
839081
289445
267
2013
1568
88801
868705
92001
434887
537
550935
636476
338727
940073
784352
587681
988993
959257
648709
2296
908
976449
665645
320382
978305
797661
253297
573704
931801
1969
702657
65345
1216
896
889393
61885
401253
800993
742624
912
837437
295761
66361
883785
288058
538861
1290
492137
345633
1114
284225
965405
604637
800273
810331
913969
206529
502219
223993
940693
780273
554545
626161
523
2302
792257
220
1739
351334
9
138
340953
1589
2005
557993
1256
1786
275869
771137
1991
2196
1894
964961
205407
215113
707089
301595
576801
874753
821023
13889
307309
881371
763521
568
807
649329
458080
1994
217
360
1716
655
1122
1176
874677
803085
930
700225
389915
344673
544
710445
781181
878197
872675
1325
724001
314105
349371
581297
450369
2290
920417
991009
969409
704849
544
827971
309
913969
329269
781181
232969
195313
708287
785591
468273
399376
545457
353817
1412
2031
966463
327645
211809
899
2216
148199
2370
1045
663047
823345
384630
686673
2064
512609
2006
1965
723393
52
266913
1944
352417
989185
116433
787025
578396
666125
893885
1186
358481
907723
518572
608441
585571
1256
1547
628977
663145
287585
923437
355673
1282
346619
2478
517340
1849
431881
810331
513761
872587
387443
761985
2155
68523
623426
672001
836261
893185
465881
843581
718465
2513
379671
52569
469738
726796
325893
640285
504
920899
853153
863
136177
612813
1160
961121
839965
546521
1678
394453
44993
1173
1557
1982
208257
835
44545
439923
914813
9985
664577
87041
225217
2352
527
915809
336765
136283
365025
437
663047
22817
732645
491967
986477
1668
692316
759377
185569
988419
212999
1444
920
934753
380097
478920
715
609503
2356
617593
773666
321149
153281
66361
500443
42887
878197
565134
232
896
820161
309426
1005
25463
1346
490769
804441
979239
469256
880505
414392
137901
804552
586637
985537
855425
738581
76609
1390
116193
1594
2193
1014
572977
399
343489
586637
2392
42887
82993
1999
1085
246465
261445
1920
501613
438952
636041
198241
884457
600449
1291
362561
427321
233271
468273
588841
767
643735
163369
928
562711
285733
744261
139585
165
533697
942453
897265
2199
2569
445681
913
108109
153281
412389
107993
206529
388085
704269
731988
509206
671
216919
771570
326593
938625
868705
1132
394737
168273
346831
241675
501613
96641
576153
959257
879837
612379
829
885757
854737
678901
126638
56501
1712
1603
538001
346
292257
100
132833
594705
1411
939401
331
303560
170890
641
467361
299035
797661
464809
825
270753
1512
824871
835539
394453
123864
141
85029
131485
808911
1415
457742
609503
526337
1541
651225
1814
2513
761481
904011
1061
790
404
1112
925976
612379
147009
673858
789277
666113
569973
891531
196245
326593
910377
694
964453
651693
488841
1216
161831
649002
1716
772323
907
966777
74209
1067
1721
184193
502222
85273
901
942873
301885
512417
67159
974
1008
340
949671
761397
404929
624295
2162
911601
402523
64541
172337
452814
570113
228
358481
186385
667417
749441
325893
347369
286417
588
1005
818945
1383
918529
2609
643484
62201
179285
585
957873
18097
553313
111067
87041
584
143942
1829
128581
377959
265011
2317
30025
226031
707089
842753
1625
2624
556765
310771
214
102041
67
1780
641918
2599
813
378
131690
490555
1810
40300
591281
169
833309
193
1228
604637
47133
569081
215833
369237
123337
936533
738335
562021
414241
451465
506965
277251
111269
2117
672997
2373
930905
114401
933561
237441
520767
445
2302
613661
481121
558774
1515
273301
856390
860010
602
1063
1059
721
913373
1970
986417
290945
590717
132065
930673
629953
1121
1827
129281
2447
673415
1347
99079
969409
1070
760665
796265
680579
241675
2721
1052
803085
569973
114487
378
248765
458241
821853
1179
2274
1385
117905
306
2404
732993
369237
105353
2808
724001
259025
638121
609953
334161
102962
631405
950445
787485
776549
160065
843681
357945
427321
597032
145969
804552
312696
271501
415635
884169
623564
235861
77377
321507
484003
90100
602
658769
584436
91553
141569
861007
556793
689809
792752
571777
675474
491967
1633
408043
556793
291177
7
678193
940693
2795
2181
745617
2532
284225
654421
1409
82009
1449
88321
847399
22
208257
122207
518201
959845
815505
173745
815721
155457
787713
913659
1252
267443
628769
2724
197591
738335
844
809729
128311
2605
1966
2974
730
874945
675474
827249
137089
126638
279050
595393
24
2192
932089
617593
369237
927773
69713
691297
170283
796265
283
225359
821853
704849
830529
404866
140
392961
402523
472
803271
820831
806217
1604
476801
443203
5825
972313
249601
952377
2238
145033
2709
375713
598
400449
914
330093
261248
854657
931801
618553
460349
136985
566113
384699
1380
861
852437
1347
719409
895309
1577
82993
630697
619237
1195
15681
606348
20451
47133
975345
447969
19021
1003
801369
202
802173
980103
123917
393031
1419
111067
28385
694085
43454
866795
409517
974785
395409
980696
82009
402421
560545
968583
419011
43454
856390
736915
779121
66361
107149
951169
2627
629
871799
809577
2491
136
64541
513281
151919
268018
869195
632281
918225
631867
884593
587681
674113
106533
718709
160
434887
261393
350203
220477
717435
107993
507803
2556
687265
741579
1556
1417
402523
687265
570003
388773
627769
936533
887339
679357
56065
1245
2113
3036
645330
646891
79583
132833
153609
874945
683489
83631
1207
332193
791489
320009
80569
799393
989537
774241
867222
50705
134517
287585
992484
2679
835366
653473
885691
2226
891
2272
350203
577706
925339
367713
964961
217089
794
102962
703461
734877
602393
342
1398
764221
362561
223993
2320
415
63
918529
626853
817914
165693
986477
820
484915
392005
2651
649683
964
341217
817785
231205
802173
939981
890101
986
745169
142731
946125
2929
667073
1605
538
2075
2217
275869
624822
689563
961121
918469
1
168273
1903
927057
1406
315267
3092
343097
402771
161643
549889
2922
318811
594293
935451
742723
686263
427065
296577
631867
160133
979239
1307
422647
562021
828
803085
335925
29437
511121
108481
934
920397
403580
255
928449
1758
69
458241
2041
448
52097
817785
98037
405713
2187
817914
1973
963561
672001
272485
541575
642369
911601
896809
2154
480227
403580
212999
53369
174947
85421
836545
147
740
746
528513
200329
501613
2298
411895
23801
271583
962
345633
1043
1186
645573
178300
1749
585138
2251
2359
455
458241
221089
500773
455
269041
500897
329665
87
273377
1025
934353
44545
1396
148065
641918
84529
518871
1997
699345
145425
62201
653997
304241
611499
812609
871799
565007
226561
991681
580448
267443
809489
2376
136
847
507803
77227
2116
263045
663145
453999
724969
259675
541575
142349
180573
3148
1272
500261
588981
185067
989908
116
699889
987515
909449
26561
159800
2980
64773
788113
1954
447553
753217
687297
530345
798329
376
580033
316471
241675
440242
807713
973049
428457
741997
285625
1124
496809
364
445681
2255
800119
470649
438653
199857
199857
598465
689809
146873
205729
988893
229541
31233
346831
28494
845819
614193
256001
258086
20214
502577
1124
618553
461157
668837
35969
365906
452425
177217
863553
660495
582651
515921
484
41549
716033
593361
55235
683225
903491
650885
699361
721855
875385
312037
1533
996401
993342
2373
851013
815505
661
882081
155105
156149
628977
602967
639697
954845
300
32687
444208
3414
859917
691405
79583
449206
371913
419066
972681
381655
360725
212999
157
179285
2869
768684
576801
600
165693
694881
1110
305009
337
3268
828
831453
65811
725231
546521
58881
128185
876786
2623
2619
116433
488841
404970
367713
796066
641870
620537
941681
927451
131690
1283
73825
275329
572977
803681
631291
327
2037
3498
241675
737169
246669
975345
545457
636237
253136
125767
19025
430817
968
40101
854513
898505
80953
415937
816162
3283
649345
907154
3341
832
887
392969
2424
55235
105629
927831
638121
768091
784638
99079
261445
11489
2459
808001
141845
913373
977199
614193
201608
289445
467034
1546
810331
515159
615681
492627
123864
209993
3203
302033
1813
707777
191
661617
253136
586637
1894
551698
326857
370540
2375
395
227057
158745
967761
66909
1263
692558
702277
3580
735917
609297
583521
891191
425799
958745
515159
355129
931801
336993
3044
2645
957648
370785
346985
248929
822471
2059
857249
408861
840
199
853105
921089
929453
520489
24769
409517
1403
12769
324859
314
682978
448217
519763
198463
243489
373889
42321
262045
723717
827777
3554
305003
153710
991681
490141
225359
744806
3355
583
103734
712727
537733
47437
699601
1123
349887
123917
2010
2916
448561
993556
173745
679785
998841
926457
53369
2769
3407
637649
9
3320
736641
1049
2074
2771
942
808001
921655
923407
811569
692558
295301
303560
284774
3057
971867
1999
865729
2696
2477
243
532
765453
143576
85029
405502
307769
790327
868705
343757
468835
72793
3276
1590
216269
3029
538172
662704
599141
977773
937811
1879
485051
2173
453393
624385
3694
341803
190009
349377
926457
803271
789601
527228
998585
115329
1681
431217
619473
405713
3317
255065
785577
640497
680257
777751
473038
650885
117537
1838
3303
669897
2932
900513
156250
3018
594337
475789
392735
453201
815505
117809
513633
1430
533633
2735
748932
842137
622661
704821
155299
758285
3310
1779
586
18
2651
917421
819977
42887
565007
430641
790327
2638
905225
3583
275869
64541
2153
977199
262045
101697
781167
907154
959257
852437
939693
2764
305003
187137
3733
284154
665645
207906
846805
1904
233571
336857
769005
1465
3037
572401
310771
371329
979239
409616
739026
196673
641967
290361
3475
569467
515921
971225
457655
916883
2055
534758
3371
179285
2312
574025
737581
220449
2349
178300
169473
285305
327
323413
625537
829953
388773
1220
325893
257225
51265
670189
105857
829953
581193
827633
52569
200329
124033
3480
925245
433801
431364
453777
383
163804
2289
209937
787485
928657
185653
673305
3597
603039
775
109791
3713
561237
95425
235041
235861
2692
661617
530065
348913
2567
667293
918654
892553
328203
920397
238977
293893
477941
981
995845
671575
227899
898505
291977
2294
305277
339857
134517
388085
191249
813937
389915
317505
239751
864401
56865
224929
1581
903485
747137
224337
3067
880933
319601
296473
505729
3083
473038
1696
664783
2646
5825
221357
429492
3174
528513
1091
508701
1356
653027
1850
3143
751589
947074
102041
459905
975885
898505
231205
363649
1403
327645
593049
332193
2294
405011
527641
651
705593
484545
869435
1273
677313
636871
3921
185569
665416
760513
147695
152823
576313
725727
565885
111269
726
24400
787025
696829
45441
780273
2794
535249
866795
1462
553917
677313
28494
869057
814391
879837
342225
355631
2938
